<?xml version="1.0" encoding="UTF-8" ?>
<testsuite failures="1" time="1.152" errors="0" skipped="0" tests="1" name="com.igadmin.HomePageTest">
  <properties>
[...]
</properties>
  <testcase time="1.087" classname="com.igadmin.HomePageTest" name="homepageRendersSuccessfully">
    <failure message="classes not the same, expected &apos;class com.igadmin.pages.HomePage&apos;, current &apos;class com.igadmin.auth.LoginPage&apos;" type="junit.framework.AssertionFailedError">junit.framework.AssertionFailedError: classes not the same, expected &apos;class com.igadmin.pages.HomePage&apos;, current &apos;class com.igadmin.auth.LoginPage&apos;
	at org.apache.wicket.util.tester.WicketTester.assertResult(WicketTester.java:566)
	at org.apache.wicket.util.tester.WicketTester.assertRenderedPage(WicketTester.java:476)
	at com.igadmin.HomePageTest.homepageRendersSuccessfully(HomePageTest.java:25)
	at sun.reflect.NativeMethodAccessorImpl.invoke0(Native Method)
	at sun.reflect.NativeMethodAccessorImpl.invoke(NativeMethodAccessorImpl.java:39)
	at sun.reflect.DelegatingMethodAccessorImpl.invoke(DelegatingMethodAccessorImpl.java:25)
	at java.lang.reflect.Method.invoke(Method.java:597)
	at org.junit.runners.model.FrameworkMethod$1.runReflectiveCall(FrameworkMethod.java:44)
	at org.junit.internal.runners.model.ReflectiveCallable.run(ReflectiveCallable.java:15)
	at org.junit.runners.model.FrameworkMethod.invokeExplosively(FrameworkMethod.java:41)
	at org.junit.internal.runners.statements.InvokeMethod.evaluate(InvokeMethod.java:20)
	at org.junit.internal.runners.statements.RunBefores.evaluate(RunBefores.java:28)
	at org.junit.runners.BlockJUnit4ClassRunner.runChild(BlockJUnit4ClassRunner.java:76)
	at org.junit.runners.BlockJUnit4ClassRunner.runChild(BlockJUnit4ClassRunner.java:50)
	at org.junit.runners.ParentRunner$3.run(ParentRunner.java:193)
	at org.junit.runners.ParentRunner$1.schedule(ParentRunner.java:52)
	at org.junit.runners.ParentRunner.runChildren(ParentRunner.java:191)
	at org.junit.runners.ParentRunner.access$000(ParentRunner.java:42)
	at org.junit.runners.ParentRunner$2.evaluate(ParentRunner.java:184)
	at org.junit.runners.ParentRunner.run(ParentRunner.java:236)
	at org.apache.maven.surefire.junit4.JUnit4TestSet.execute(JUnit4TestSet.java:35)
	at org.apache.maven.surefire.junit4.JUnit4Provider.executeTestSet(JUnit4Provider.java:115)
	at org.apache.maven.surefire.junit4.JUnit4Provider.invoke(JUnit4Provider.java:97)
	at sun.reflect.NativeMethodAccessorImpl.invoke0(Native Method)
	at sun.reflect.NativeMethodAccessorImpl.invoke(NativeMethodAccessorImpl.java:39)
	at sun.reflect.DelegatingMethodAccessorImpl.invoke(DelegatingMethodAccessorImpl.java:25)
	at java.lang.reflect.Method.invoke(Method.java:597)
	at org.apache.maven.surefire.booter.ProviderFactory$ClassLoaderProxy.invoke(ProviderFactory.java:103)
	at $Proxy0.invoke(Unknown Source)
	at org.apache.maven.surefire.booter.SurefireStarter.invokeProvider(SurefireStarter.java:150)
	at org.apache.maven.surefire.booter.SurefireStarter.runSuitesInProcess(SurefireStarter.java:91)
	at org.apache.maven.surefire.booter.ForkedBooter.main(ForkedBooter.java:69)
</failure>
    <system-out>@HL
@HL-------------------------------------------------------
@HL T E S T S
@HL-------------------------------------------------------
@SLRunning com.igadmin.HomePageTest
TRACE WicketApplication - New Wicket Application
DEBUG WicketApplication - Init Wicket Application
INFO  Application - [WicketTesterApplication-6d02128a-e7a3-410b-ad12-7d40aefdc588] init: Wicket core library initializer
INFO  RequestListenerInterface - registered listener interface [RequestListenerInterface name=IBehaviorListener, method=public abstract void org.apache.wicket.behavior.IBehaviorListener.onRequest()]
INFO  RequestListenerInterface - registered listener interface [RequestListenerInterface name=IBehaviorListener, method=public abstract void org.apache.wicket.behavior.IBehaviorListener.onRequest()]
INFO  RequestListenerInterface - registered listener interface [RequestListenerInterface name=IFormSubmitListener, method=public abstract void org.apache.wicket.markup.html.form.IFormSubmitListener.onFormSubmitted()]
INFO  RequestListenerInterface - registered listener interface [RequestListenerInterface name=IFormSubmitListener, method=public abstract void org.apache.wicket.markup.html.form.IFormSubmitListener.onFormSubmitted()]
INFO  RequestListenerInterface - registered listener interface [RequestListenerInterface name=ILinkListener, method=public abstract void org.apache.wicket.markup.html.link.ILinkListener.onLinkClicked()]
INFO  RequestListenerInterface - registered listener interface [RequestListenerInterface name=ILinkListener, method=public abstract void org.apache.wicket.markup.html.link.ILinkListener.onLinkClicked()]
INFO  RequestListenerInterface - registered listener interface [RequestListenerInterface name=IOnChangeListener, method=public abstract void org.apache.wicket.markup.html.form.IOnChangeListener.onSelectionChanged()]
INFO  RequestListenerInterface - registered listener interface [RequestListenerInterface name=IOnChangeListener, method=public abstract void org.apache.wicket.markup.html.form.IOnChangeListener.onSelectionChanged()]
INFO  RequestListenerInterface - registered listener interface [RequestListenerInterface name=IRedirectListener, method=public abstract void org.apache.wicket.IRedirectListener.onRedirect()]
INFO  RequestListenerInterface - registered listener interface [RequestListenerInterface name=IRedirectListener, method=public abstract void org.apache.wicket.IRedirectListener.onRedirect()]
INFO  RequestListenerInterface - registered listener interface [RequestListenerInterface name=IResourceListener, method=public abstract void org.apache.wicket.IResourceListener.onResourceRequested()]
INFO  RequestListenerInterface - registered listener interface [RequestListenerInterface name=IResourceListener, method=public abstract void org.apache.wicket.IResourceListener.onResourceRequested()]
INFO  Application - [WicketTesterApplication-6d02128a-e7a3-410b-ad12-7d40aefdc588] init: Wicket extensions initializer
INFO  Application - [WicketTesterApplication-6d02128a-e7a3-410b-ad12-7d40aefdc588] init: org.wicketstuff.gae.GaeInitializer@6126f827
DEBUG WicketApplication - Restart at sign in...
</system-out>
    <system-err>log4j:WARN Continuable parsing error 3 and column 69
log4j:WARN Document root element &quot;log4j:configuration&quot;, must match DOCTYPE root &quot;null&quot;.
log4j:WARN Continuable parsing error 3 and column 69
log4j:WARN Document is invalid: no grammar found.
</system-err>
  </testcase>
</testsuite>